This file contains any messages produced by compilers while
running configure, to aid debugging if configure makes a mistake.

It was created by xfwm4 configure 4.13.1git.1d21be9f, which was
generated by GNU Autoconf 2.69.  Invocation command line was

  $ ./configure --enable-maintainer-mode --prefix=/home/adlo/local

## --------- ##
## Platform. ##
## --------- ##

hostname = linux1
uname -m = x86_64
uname -r = 4.18.14-200.fc28.x86_64
uname -s = Linux
uname -v = #1 SMP Mon Oct 15 13:16:27 UTC 2018

/usr/bin/uname -p = x86_64
/bin/uname -X     = unknown

/bin/arch              = x86_64
/usr/bin/arch -k       = unknown
/usr/convex/getsysinfo = unknown
/usr/bin/hostinfo      = unknown
/bin/machine           = unknown
/usr/bin/oslevel       = unknown
/bin/universe          = unknown

PATH: /usr/share/Modules/bin
PATH: /usr/local/bin
PATH: /usr/local/sbin
PATH: /usr/bin
PATH: /usr/sbin
PATH: /home/adlo/.local/bin
PATH: /home/adlo/bin


## ----------- ##
## Core tests. ##
## ----------- ##

configure:2503: checking for a BSD-compatible install
configure:2571: result: /usr/bin/install -c
configure:2582: checking whether build environment is sane
configure:2637: result: yes
configure:2788: checking for a thread-safe mkdir -p
configure:2827: result: /usr/bin/mkdir -p
configure:2834: checking for gawk
configure:2850: found /usr/bin/gawk
configure:2861: result: gawk
configure:2872: checking whether gmake sets $(MAKE)
configure:2894: result: yes
configure:2923: checking whether gmake supports nested variables
configure:2940: result: yes
configure:3029: checking whether UID '1000' is supported by ustar format
configure:3032: result: yes
configure:3039: checking whether GID '1000' is supported by ustar format
configure:3042: result: yes
configure:3050: checking how to create a ustar tar archive
configure:3061: tar --version
tar (GNU tar) 1.30
Copyright (C) 2017 Free Software Foundation, Inc.
License GPLv3+: GNU GPL version 3 or later <https://gnu.org/licenses/gpl.html>.
This is free software: you are free to change and redistribute it.
There is NO WARRANTY, to the extent permitted by law.

Written by John Gilmore and Jay Fenlason.
configure:3064: $? = 0
configure:3104: tardir=conftest.dir && eval tar --format=ustar -chf - "$tardir" >conftest.tar
configure:3107: $? = 0
configure:3111: tar -xf - <conftest.tar
configure:3114: $? = 0
configure:3116: cat conftest.dir/file
GrepMe
configure:3119: $? = 0
configure:3132: result: gnutar
configure:3188: checking whether to enable maintainer-specific portions of Makefiles
configure:3197: result: yes
configure:3221: checking whether gmake supports nested variables
configure:3238: result: yes
configure:3272: checking for style of include used by gmake
configure:3300: result: GNU
configure:3371: checking for gcc
configure:3387: found /usr/bin/gcc
configure:3398: result: gcc
configure:3627: checking for C compiler version
configure:3636: gcc --version >&5
gcc (GCC) 8.2.1 20181011 (Red Hat 8.2.1-4)
Copyright (C) 2018 Free Software Foundation, Inc.
This is free software; see the source for copying conditions.  There is NO
warranty; not even for MERCHANTABILITY or FITNESS FOR A PARTICULAR PURPOSE.

configure:3647: $? = 0
configure:3636: gcc -v >&5
Using built-in specs.
COLLECT_GCC=gcc
COLLECT_LTO_WRAPPER=/usr/libexec/gcc/x86_64-redhat-linux/8/lto-wrapper
OFFLOAD_TARGET_NAMES=nvptx-none
OFFLOAD_TARGET_DEFAULT=1
Target: x86_64-redhat-linux
Configured with: ../configure --enable-bootstrap --enable-languages=c,c++,fortran,objc,obj-c++,ada,go,lto --prefix=/usr --mandir=/usr/share/man --infodir=/usr/share/info --with-bugurl=http://bugzilla.redhat.com/bugzilla --enable-shared --enable-threads=posix --enable-checking=release --enable-multilib --with-system-zlib --enable-__cxa_atexit --disable-libunwind-exceptions --enable-gnu-unique-object --enable-linker-build-id --with-gcc-major-version-only --with-linker-hash-style=gnu --enable-plugin --enable-initfini-array --with-isl --enable-libmpx --enable-offload-targets=nvptx-none --without-cuda-driver --enable-gnu-indirect-function --enable-cet --with-tune=generic --with-arch_32=i686 --build=x86_64-redhat-linux
Thread model: posix
gcc version 8.2.1 20181011 (Red Hat 8.2.1-4) (GCC) 
configure:3647: $? = 0
configure:3636: gcc -V >&5
gcc: error: unrecognized command line option '-V'
gcc: fatal error: no input files
compilation terminated.
configure:3647: $? = 1
configure:3636: gcc -qversion >&5
gcc: error: unrecognized command line option '-qversion'; did you mean '--version'?
gcc: fatal error: no input files
compilation terminated.
configure:3647: $? = 1
configure:3667: checking whether the C compiler works
configure:3689: gcc    conftest.c  >&5
configure:3693: $? = 0
configure:3741: result: yes
configure:3744: checking for C compiler default output file name
configure:3746: result: a.out
configure:3752: checking for suffix of executables
configure:3759: gcc -o conftest    conftest.c  >&5
configure:3763: $? = 0
configure:3785: result: 
configure:3807: checking whether we are cross compiling
configure:3815: gcc -o conftest    conftest.c  >&5
configure:3819: $? = 0
configure:3826: ./conftest
configure:3830: $? = 0
configure:3845: result: no
configure:3850: checking for suffix of object files
configure:3872: gcc -c   conftest.c >&5
configure:3876: $? = 0
configure:3897: result: o
configure:3901: checking whether we are using the GNU C compiler
configure:3920: gcc -c   conftest.c >&5
configure:3920: $? = 0
configure:3929: result: yes
configure:3938: checking whether gcc accepts -g
configure:3958: gcc -c -g  conftest.c >&5
configure:3958: $? = 0
configure:3999: result: yes
configure:4016: checking for gcc option to accept ISO C89
configure:4079: gcc  -c -g -O2  conftest.c >&5
configure:4079: $? = 0
configure:4092: result: none needed
configure:4117: checking whether gcc understands -c and -o together
configure:4139: gcc -c conftest.c -o conftest2.o
configure:4142: $? = 0
configure:4139: gcc -c conftest.c -o conftest2.o
configure:4142: $? = 0
configure:4154: result: yes
configure:4173: checking dependency style of gcc
configure:4284: result: gcc3
configure:4305: checking how to run the C preprocessor
configure:4336: gcc -E  conftest.c
configure:4336: $? = 0
configure:4350: gcc -E  conftest.c
conftest.c:11:10: fatal error: ac_nonexistent.h: No such file or directory
 #include <ac_nonexistent.h>
          ^~~~~~~~~~~~~~~~~~
compilation terminated.
configure:4350: $? = 1
configure: failed program was:
| /* confdefs.h */
| #define PACKAGE_NAME "xfwm4"
| #define PACKAGE_TARNAME "xfwm4"
| #define PACKAGE_VERSION "4.13.1git.1d21be9f"
| #define PACKAGE_STRING "xfwm4 4.13.1git.1d21be9f"
| #define PACKAGE_BUGREPORT "xfce4-dev@xfce.org"
| #define PACKAGE_URL ""
| #define PACKAGE "xfwm4"
| #define VERSION "4.13.1git.1d21be9f"
| /* end confdefs.h.  */
| #include <ac_nonexistent.h>
configure:4375: result: gcc -E
configure:4395: gcc -E  conftest.c
configure:4395: $? = 0
configure:4409: gcc -E  conftest.c
conftest.c:11:10: fatal error: ac_nonexistent.h: No such file or directory
 #include <ac_nonexistent.h>
          ^~~~~~~~~~~~~~~~~~
compilation terminated.
configure:4409: $? = 1
configure: failed program was:
| /* confdefs.h */
| #define PACKAGE_NAME "xfwm4"
| #define PACKAGE_TARNAME "xfwm4"
| #define PACKAGE_VERSION "4.13.1git.1d21be9f"
| #define PACKAGE_STRING "xfwm4 4.13.1git.1d21be9f"
| #define PACKAGE_BUGREPORT "xfce4-dev@xfce.org"
| #define PACKAGE_URL ""
| #define PACKAGE "xfwm4"
| #define VERSION "4.13.1git.1d21be9f"
| /* end confdefs.h.  */
| #include <ac_nonexistent.h>
configure:4438: checking for grep that handles long lines and -e
configure:4496: result: /usr/bin/grep
configure:4501: checking for egrep
configure:4563: result: /usr/bin/grep -E
configure:4568: checking for ANSI C header files
configure:4588: gcc -c -g -O2  conftest.c >&5
configure:4588: $? = 0
configure:4661: gcc -o conftest -g -O2   conftest.c  >&5
configure:4661: $? = 0
configure:4661: ./conftest
configure:4661: $? = 0
configure:4672: result: yes
configure:4685: checking for sys/types.h
configure:4685: gcc -c -g -O2  conftest.c >&5
configure:4685: $? = 0
configure:4685: result: yes
configure:4685: checking for sys/stat.h
configure:4685: gcc -c -g -O2  conftest.c >&5
configure:4685: $? = 0
configure:4685: result: yes
configure:4685: checking for stdlib.h
configure:4685: gcc -c -g -O2  conftest.c >&5
configure:4685: $? = 0
configure:4685: result: yes
configure:4685: checking for string.h
configure:4685: gcc -c -g -O2  conftest.c >&5
configure:4685: $? = 0
configure:4685: result: yes
configure:4685: checking for memory.h
configure:4685: gcc -c -g -O2  conftest.c >&5
configure:4685: $? = 0
configure:4685: result: yes
configure:4685: checking for strings.h
configure:4685: gcc -c -g -O2  conftest.c >&5
configure:4685: $? = 0
configure:4685: result: yes
configure:4685: checking for inttypes.h
configure:4685: gcc -c -g -O2  conftest.c >&5
configure:4685: $? = 0
configure:4685: result: yes
configure:4685: checking for stdint.h
configure:4685: gcc -c -g -O2  conftest.c >&5
configure:4685: $? = 0
configure:4685: result: yes
configure:4685: checking for unistd.h
configure:4685: gcc -c -g -O2  conftest.c >&5
configure:4685: $? = 0
configure:4685: result: yes
configure:4698: checking minix/config.h usability
configure:4698: gcc -c -g -O2  conftest.c >&5
conftest.c:54:10: fatal error: minix/config.h: No such file or directory
 #include <minix/config.h>
          ^~~~~~~~~~~~~~~~
compilation terminated.
configure:4698: $? = 1
configure: failed program was:
| /* confdefs.h */
| #define PACKAGE_NAME "xfwm4"
| #define PACKAGE_TARNAME "xfwm4"
| #define PACKAGE_VERSION "4.13.1git.1d21be9f"
| #define PACKAGE_STRING "xfwm4 4.13.1git.1d21be9f"
| #define PACKAGE_BUGREPORT "xfce4-dev@xfce.org"
| #define PACKAGE_URL ""
| #define PACKAGE "xfwm4"
| #define VERSION "4.13.1git.1d21be9f"
| #define STDC_HEADERS 1
| #define HAVE_SYS_TYPES_H 1
| #define HAVE_SYS_STAT_H 1
| #define HAVE_STDLIB_H 1
| #define HAVE_STRING_H 1
| #define HAVE_MEMORY_H 1
| #define HAVE_STRINGS_H 1
| #define HAVE_INTTYPES_H 1
| #define HAVE_STDINT_H 1
| #define HAVE_UNISTD_H 1
| /* end confdefs.h.  */
| #include <stdio.h>
| #ifdef HAVE_SYS_TYPES_H
| # include <sys/types.h>
| #endif
| #ifdef HAVE_SYS_STAT_H
| # include <sys/stat.h>
| #endif
| #ifdef STDC_HEADERS
| # include <stdlib.h>
| # include <stddef.h>
| #else
| # ifdef HAVE_STDLIB_H
| #  include <stdlib.h>
| # endif
| #endif
| #ifdef HAVE_STRING_H
| # if !defined STDC_HEADERS && defined HAVE_MEMORY_H
| #  include <memory.h>
| # endif
| # include <string.h>
| #endif
| #ifdef HAVE_STRINGS_H
| # include <strings.h>
| #endif
| #ifdef HAVE_INTTYPES_H
| # include <inttypes.h>
| #endif
| #ifdef HAVE_STDINT_H
| # include <stdint.h>
| #endif
| #ifdef HAVE_UNISTD_H
| # include <unistd.h>
| #endif
| #include <minix/config.h>
configure:4698: result: no
configure:4698: checking minix/config.h presence
configure:4698: gcc -E  conftest.c
conftest.c:21:10: fatal error: minix/config.h: No such file or directory
 #include <minix/config.h>
          ^~~~~~~~~~~~~~~~
compilation terminated.
configure:4698: $? = 1
configure: failed program was:
| /* confdefs.h */
| #define PACKAGE_NAME "xfwm4"
| #define PACKAGE_TARNAME "xfwm4"
| #define PACKAGE_VERSION "4.13.1git.1d21be9f"
| #define PACKAGE_STRING "xfwm4 4.13.1git.1d21be9f"
| #define PACKAGE_BUGREPORT "xfce4-dev@xfce.org"
| #define PACKAGE_URL ""
| #define PACKAGE "xfwm4"
| #define VERSION "4.13.1git.1d21be9f"
| #define STDC_HEADERS 1
| #define HAVE_SYS_TYPES_H 1
| #define HAVE_SYS_STAT_H 1
| #define HAVE_STDLIB_H 1
| #define HAVE_STRING_H 1
| #define HAVE_MEMORY_H 1
| #define HAVE_STRINGS_H 1
| #define HAVE_INTTYPES_H 1
| #define HAVE_STDINT_H 1
| #define HAVE_UNISTD_H 1
| /* end confdefs.h.  */
| #include <minix/config.h>
configure:4698: result: no
configure:4698: checking for minix/config.h
configure:4698: result: no
configure:4719: checking whether it is safe to define __EXTENSIONS__
configure:4737: gcc -c -g -O2  conftest.c >&5
configure:4737: $? = 0
configure:4744: result: yes
configure:4759: checking for library containing strerror
configure:4790: gcc -o conftest -g -O2   conftest.c  >&5
configure:4790: $? = 0
configure:4807: result: none required
configure:4873: checking for gcc
configure:4900: result: gcc
configure:5129: checking for C compiler version
configure:5138: gcc --version >&5
gcc (GCC) 8.2.1 20181011 (Red Hat 8.2.1-4)
Copyright (C) 2018 Free Software Foundation, Inc.
This is free software; see the source for copying conditions.  There is NO
warranty; not even for MERCHANTABILITY or FITNESS FOR A PARTICULAR PURPOSE.

configure:5149: $? = 0
configure:5138: gcc -v >&5
Using built-in specs.
COLLECT_GCC=gcc
COLLECT_LTO_WRAPPER=/usr/libexec/gcc/x86_64-redhat-linux/8/lto-wrapper
OFFLOAD_TARGET_NAMES=nvptx-none
OFFLOAD_TARGET_DEFAULT=1
Target: x86_64-redhat-linux
Configured with: ../configure --enable-bootstrap --enable-languages=c,c++,fortran,objc,obj-c++,ada,go,lto --prefix=/usr --mandir=/usr/share/man --infodir=/usr/share/info --with-bugurl=http://bugzilla.redhat.com/bugzilla --enable-shared --enable-threads=posix --enable-checking=release --enable-multilib --with-system-zlib --enable-__cxa_atexit --disable-libunwind-exceptions --enable-gnu-unique-object --enable-linker-build-id --with-gcc-major-version-only --with-linker-hash-style=gnu --enable-plugin --enable-initfini-array --with-isl --enable-libmpx --enable-offload-targets=nvptx-none --without-cuda-driver --enable-gnu-indirect-function --enable-cet --with-tune=generic --with-arch_32=i686 --build=x86_64-redhat-linux
Thread model: posix
gcc version 8.2.1 20181011 (Red Hat 8.2.1-4) (GCC) 
configure:5149: $? = 0
configure:5138: gcc -V >&5
gcc: error: unrecognized command line option '-V'
gcc: fatal error: no input files
compilation terminated.
configure:5149: $? = 1
configure:5138: gcc -qversion >&5
gcc: error: unrecognized command line option '-qversion'; did you mean '--version'?
gcc: fatal error: no input files
compilation terminated.
configure:5149: $? = 1
configure:5153: checking whether we are using the GNU C compiler
configure:5181: result: yes
configure:5190: checking whether gcc accepts -g
configure:5251: result: yes
configure:5268: checking for gcc option to accept ISO C89
configure:5344: result: none needed
configure:5369: checking whether gcc understands -c and -o together
configure:5406: result: yes
configure:5425: checking dependency style of gcc
configure:5536: result: gcc3
configure:5554: checking whether NLS is requested
configure:5563: result: yes
configure:5581: checking for intltool >= 0.35
configure:5583: result: 0.51.0 found
configure:5591: checking for intltool-update
configure:5609: found /usr/bin/intltool-update
configure:5621: result: /usr/bin/intltool-update
configure:5631: checking for intltool-merge
configure:5649: found /usr/bin/intltool-merge
configure:5661: result: /usr/bin/intltool-merge
configure:5671: checking for intltool-extract
configure:5689: found /usr/bin/intltool-extract
configure:5701: result: /usr/bin/intltool-extract
configure:5855: checking for xgettext
configure:5873: found /usr/bin/xgettext
configure:5885: result: /usr/bin/xgettext
configure:5895: checking for msgmerge
configure:5913: found /usr/bin/msgmerge
configure:5925: result: /usr/bin/msgmerge
configure:5935: checking for msgfmt
configure:5953: found /usr/bin/msgfmt
configure:5965: result: /usr/bin/msgfmt
configure:5975: checking for gmsgfmt
configure:6006: result: /usr/bin/msgfmt
configure:6026: checking for perl
configure:6044: found /usr/bin/perl
configure:6056: result: /usr/bin/perl
configure:6067: checking for perl >= 5.8.1
configure:6074: result: 5.26.2
configure:6125: checking build system type
configure:6139: result: x86_64-pc-linux-gnu
configure:6159: checking host system type
configure:6172: result: x86_64-pc-linux-gnu
configure:6213: checking how to print strings
configure:6240: result: printf
configure:6261: checking for a sed that does not truncate output
configure:6325: result: /usr/bin/sed
configure:6343: checking for fgrep
configure:6405: result: /usr/bin/grep -F
configure:6440: checking for ld used by gcc
configure:6507: result: /usr/bin/ld
configure:6514: checking if the linker (/usr/bin/ld) is GNU ld
configure:6529: result: yes
configure:6541: checking for BSD- or MS-compatible name lister (nm)
configure:6595: result: /usr/bin/nm -B
configure:6725: checking the name lister (/usr/bin/nm -B) interface
configure:6732: gcc -c -g -O2  conftest.c >&5
configure:6735: /usr/bin/nm -B "conftest.o"
configure:6738: output
0000000000000000 B some_variable
configure:6745: result: BSD nm
configure:6748: checking whether ln -s works
configure:6752: result: yes
configure:6760: checking the maximum length of command line arguments
configure:6891: result: 1572864
configure:6939: checking how to convert x86_64-pc-linux-gnu file names to x86_64-pc-linux-gnu format
configure:6979: result: func_convert_file_noop
configure:6986: checking how to convert x86_64-pc-linux-gnu file names to toolchain format
configure:7006: result: func_convert_file_noop
configure:7013: checking for /usr/bin/ld option to reload object files
configure:7020: result: -r
configure:7094: checking for objdump
configure:7110: found /usr/bin/objdump
configure:7121: result: objdump
configure:7153: checking how to recognize dependent libraries
configure:7353: result: pass_all
configure:7438: checking for dlltool
configure:7468: result: no
configure:7498: checking how to associate runtime and link libraries
configure:7525: result: printf %s\n
configure:7585: checking for ar
configure:7601: found /usr/bin/ar
configure:7612: result: ar
configure:7649: checking for archiver @FILE support
configure:7666: gcc -c -g -O2  conftest.c >&5
configure:7666: $? = 0
configure:7669: ar cru libconftest.a @conftest.lst >&5
configure:7672: $? = 0
configure:7677: ar cru libconftest.a @conftest.lst >&5
ar: conftest.o: No such file or directory
configure:7680: $? = 1
configure:7692: result: @
configure:7750: checking for strip
configure:7766: found /usr/bin/strip
configure:7777: result: strip
configure:7849: checking for ranlib
configure:7865: found /usr/bin/ranlib
configure:7876: result: ranlib
configure:7978: checking command to parse /usr/bin/nm -B output from gcc object
configure:8131: gcc -c -g -O2  conftest.c >&5
configure:8134: $? = 0
configure:8138: /usr/bin/nm -B conftest.o \| sed -n -e 's/^.*[ ]\([ABCDGIRSTW][ABCDGIRSTW]*\)[ ][ ]*\([_A-Za-z][_A-Za-z0-9]*\)$/\1 \2 \2/p' | sed '/ __gnu_lto/d' \> conftest.nm
configure:8141: $? = 0
configure:8207: gcc -o conftest -g -O2   conftest.c conftstm.o >&5
configure:8210: $? = 0
configure:8248: result: ok
configure:8295: checking for sysroot
configure:8325: result: no
configure:8332: checking for a working dd
configure:8370: result: /usr/bin/dd
configure:8374: checking how to truncate binary pipes
configure:8389: result: /usr/bin/dd bs=4096 count=1
configure:8525: gcc -c -g -O2  conftest.c >&5
configure:8528: $? = 0
configure:8718: checking for mt
configure:8748: result: no
configure:8768: checking if : is a manifest tool
configure:8774: : '-?'
configure:8782: result: no
configure:9456: checking for dlfcn.h
configure:9456: gcc -c -g -O2  conftest.c >&5
configure:9456: $? = 0
configure:9456: result: yes
configure:9711: checking for objdir
configure:9726: result: .libs
configure:9986: checking if gcc supports -fno-rtti -fno-exceptions
configure:10004: gcc -c -g -O2  -fno-rtti -fno-exceptions conftest.c >&5
cc1: warning: command line option '-fno-rtti' is valid for C++/ObjC++ but not for C
configure:10008: $? = 0
configure:10021: result: no
configure:10379: checking for gcc option to produce PIC
configure:10386: result: -fPIC -DPIC
configure:10394: checking if gcc PIC flag -fPIC -DPIC works
configure:10412: gcc -c -g -O2  -fPIC -DPIC -DPIC conftest.c >&5
configure:10416: $? = 0
configure:10429: result: yes
configure:10458: checking if gcc static flag -static works
configure:10486: result: no
configure:10501: checking if gcc supports -c -o file.o
configure:10522: gcc -c -g -O2  -o out/conftest2.o conftest.c >&5
configure:10526: $? = 0
configure:10548: result: yes
configure:10556: checking if gcc supports -c -o file.o
configure:10603: result: yes
configure:10636: checking whether the gcc linker (/usr/bin/ld -m elf_x86_64) supports shared libraries
configure:11895: result: yes
configure:11932: checking whether -lc should be explicitly linked in
configure:11940: gcc -c -g -O2  conftest.c >&5
configure:11943: $? = 0
configure:11958: gcc -shared  -fPIC -DPIC conftest.o  -v -Wl,-soname -Wl,conftest -o conftest 2\>\&1 \| /usr/bin/grep  -lc  \>/dev/null 2\>\&1
configure:11961: $? = 0
configure:11975: result: no
configure:12135: checking dynamic linker characteristics
configure:12716: gcc -o conftest -g -O2   -Wl,-rpath -Wl,/foo conftest.c  >&5
configure:12716: $? = 0
configure:12956: result: GNU/Linux ld.so
configure:13078: checking how to hardcode library paths into programs
configure:13103: result: immediate
configure:13651: checking whether stripping libraries is possible
configure:13656: result: yes
configure:13691: checking if libtool supports shared libraries
configure:13693: result: yes
configure:13696: checking whether to build shared libraries
configure:13721: result: yes
configure:13724: checking whether to build static libraries
configure:13728: result: no
configure:13766: checking for inline
configure:13782: gcc -c -g -O2  conftest.c >&5
configure:13782: $? = 0
configure:13790: result: inline
configure:13809: checking for ANSI C header files
configure:13913: result: yes
configure:13923: checking stropts.h usability
configure:13923: gcc -c -g -O2  conftest.c >&5
conftest.c:62:10: fatal error: stropts.h: No such file or directory
 #include <stropts.h>
          ^~~~~~~~~~~
compilation terminated.
configure:13923: $? = 1
configure: failed program was:
| /* confdefs.h */
| #define PACKAGE_NAME "xfwm4"
| #define PACKAGE_TARNAME "xfwm4"
| #define PACKAGE_VERSION "4.13.1git.1d21be9f"
| #define PACKAGE_STRING "xfwm4 4.13.1git.1d21be9f"
| #define PACKAGE_BUGREPORT "xfce4-dev@xfce.org"
| #define PACKAGE_URL ""
| #define PACKAGE "xfwm4"
| #define VERSION "4.13.1git.1d21be9f"
| #define STDC_HEADERS 1
| #define HAVE_SYS_TYPES_H 1
| #define HAVE_SYS_STAT_H 1
| #define HAVE_STDLIB_H 1
| #define HAVE_STRING_H 1
| #define HAVE_MEMORY_H 1
| #define HAVE_STRINGS_H 1
| #define HAVE_INTTYPES_H 1
| #define HAVE_STDINT_H 1
| #define HAVE_UNISTD_H 1
| #define __EXTENSIONS__ 1
| #define _ALL_SOURCE 1
| #define _GNU_SOURCE 1
| #define _POSIX_PTHREAD_SEMANTICS 1
| #define _TANDEM_SOURCE 1
| #define HAVE_DLFCN_H 1
| #define LT_OBJDIR ".libs/"
| #define STDC_HEADERS 1
| /* end confdefs.h.  */
| #include <stdio.h>
| #ifdef HAVE_SYS_TYPES_H
| # include <sys/types.h>
| #endif
| #ifdef HAVE_SYS_STAT_H
| # include <sys/stat.h>
| #endif
| #ifdef STDC_HEADERS
| # include <stdlib.h>
| # include <stddef.h>
| #else
| # ifdef HAVE_STDLIB_H
| #  include <stdlib.h>
| # endif
| #endif
| #ifdef HAVE_STRING_H
| # if !defined STDC_HEADERS && defined HAVE_MEMORY_H
| #  include <memory.h>
| # endif
| # include <string.h>
| #endif
| #ifdef HAVE_STRINGS_H
| # include <strings.h>
| #endif
| #ifdef HAVE_INTTYPES_H
| # include <inttypes.h>
| #endif
| #ifdef HAVE_STDINT_H
| # include <stdint.h>
| #endif
| #ifdef HAVE_UNISTD_H
| # include <unistd.h>
| #endif
| #include <stropts.h>
configure:13923: result: no
configure:13923: checking stropts.h presence
configure:13923: gcc -E  conftest.c
conftest.c:29:10: fatal error: stropts.h: No such file or directory
 #include <stropts.h>
          ^~~~~~~~~~~
compilation terminated.
configure:13923: $? = 1
configure: failed program was:
| /* confdefs.h */
| #define PACKAGE_NAME "xfwm4"
| #define PACKAGE_TARNAME "xfwm4"
| #define PACKAGE_VERSION "4.13.1git.1d21be9f"
| #define PACKAGE_STRING "xfwm4 4.13.1git.1d21be9f"
| #define PACKAGE_BUGREPORT "xfce4-dev@xfce.org"
| #define PACKAGE_URL ""
| #define PACKAGE "xfwm4"
| #define VERSION "4.13.1git.1d21be9f"
| #define STDC_HEADERS 1
| #define HAVE_SYS_TYPES_H 1
| #define HAVE_SYS_STAT_H 1
| #define HAVE_STDLIB_H 1
| #define HAVE_STRING_H 1
| #define HAVE_MEMORY_H 1
| #define HAVE_STRINGS_H 1
| #define HAVE_INTTYPES_H 1
| #define HAVE_STDINT_H 1
| #define HAVE_UNISTD_H 1
| #define __EXTENSIONS__ 1
| #define _ALL_SOURCE 1
| #define _GNU_SOURCE 1
| #define _POSIX_PTHREAD_SEMANTICS 1
| #define _TANDEM_SOURCE 1
| #define HAVE_DLFCN_H 1
| #define LT_OBJDIR ".libs/"
| #define STDC_HEADERS 1
| /* end confdefs.h.  */
| #include <stropts.h>
configure:13923: result: no
configure:13923: checking for stropts.h
configure:13923: result: no
configure:13936: checking for daemon
configure:13936: gcc -o conftest -g -O2   conftest.c  >&5
configure:13936: $? = 0
configure:13936: result: yes
configure:13936: checking for setsid
configure:13936: gcc -o conftest -g -O2   conftest.c  >&5
configure:13936: $? = 0
configure:13936: result: yes
configure:13947: checking for opendir
configure:13947: gcc -o conftest -g -O2   conftest.c  >&5
configure:13947: $? = 0
configure:13947: result: yes
configure:13958: checking for ceil in -lm
configure:13983: gcc -o conftest -g -O2   conftest.c -lm   >&5
conftest.c:39:6: warning: conflicting types for built-in function 'ceil' [-Wbuiltin-declaration-mismatch]
 char ceil ();
      ^~~~
configure:13983: $? = 0
configure:13992: result: yes
configure:14013: checking locale.h usability
configure:14013: gcc -c -g -O2  conftest.c >&5
configure:14013: $? = 0
configure:14013: result: yes
configure:14013: checking locale.h presence
configure:14013: gcc -E  conftest.c
configure:14013: $? = 0
configure:14013: result: yes
configure:14013: checking for locale.h
configure:14013: result: yes
configure:14024: checking for LC_MESSAGES
configure:14040: gcc -o conftest -g -O2   conftest.c  >&5
configure:14040: $? = 0
configure:14048: result: yes
configure:14066: checking for CFPreferencesCopyAppValue
configure:14084: gcc -o conftest -g -O2   conftest.c  -Wl,-framework -Wl,CoreFoundation >&5
conftest.c:35:10: fatal error: CoreFoundation/CFPreferences.h: No such file or directory
 #include <CoreFoundation/CFPreferences.h>
          ^~~~~~~~~~~~~~~~~~~~~~~~~~~~~~~~
compilation terminated.
configure:14084: $? = 1
configure: failed program was:
| /* confdefs.h */
| #define PACKAGE_NAME "xfwm4"
| #define PACKAGE_TARNAME "xfwm4"
| #define PACKAGE_VERSION "4.13.1git.1d21be9f"
| #define PACKAGE_STRING "xfwm4 4.13.1git.1d21be9f"
| #define PACKAGE_BUGREPORT "xfce4-dev@xfce.org"
| #define PACKAGE_URL ""
| #define PACKAGE "xfwm4"
| #define VERSION "4.13.1git.1d21be9f"
| #define STDC_HEADERS 1
| #define HAVE_SYS_TYPES_H 1
| #define HAVE_SYS_STAT_H 1
| #define HAVE_STDLIB_H 1
| #define HAVE_STRING_H 1
| #define HAVE_MEMORY_H 1
| #define HAVE_STRINGS_H 1
| #define HAVE_INTTYPES_H 1
| #define HAVE_STDINT_H 1
| #define HAVE_UNISTD_H 1
| #define __EXTENSIONS__ 1
| #define _ALL_SOURCE 1
| #define _GNU_SOURCE 1
| #define _POSIX_PTHREAD_SEMANTICS 1
| #define _TANDEM_SOURCE 1
| #define HAVE_DLFCN_H 1
| #define LT_OBJDIR ".libs/"
| #define STDC_HEADERS 1
| #define HAVE_DAEMON 1
| #define HAVE_SETSID 1
| #define HAVE_OPENDIR 1
| #define GETTEXT_PACKAGE "xfwm4"
| #define HAVE_LOCALE_H 1
| #define HAVE_LC_MESSAGES 1
| /* end confdefs.h.  */
| #include <CoreFoundation/CFPreferences.h>
| int
| main ()
| {
| CFPreferencesCopyAppValue(NULL, NULL)
|   ;
|   return 0;
| }
configure:14093: result: no
configure:14100: checking for CFLocaleCopyCurrent
configure:14118: gcc -o conftest -g -O2   conftest.c  -Wl,-framework -Wl,CoreFoundation >&5
conftest.c:35:10: fatal error: CoreFoundation/CFLocale.h: No such file or directory
 #include <CoreFoundation/CFLocale.h>
          ^~~~~~~~~~~~~~~~~~~~~~~~~~~
compilation terminated.
configure:14118: $? = 1
configure: failed program was:
| /* confdefs.h */
| #define PACKAGE_NAME "xfwm4"
| #define PACKAGE_TARNAME "xfwm4"
| #define PACKAGE_VERSION "4.13.1git.1d21be9f"
| #define PACKAGE_STRING "xfwm4 4.13.1git.1d21be9f"
| #define PACKAGE_BUGREPORT "xfce4-dev@xfce.org"
| #define PACKAGE_URL ""
| #define PACKAGE "xfwm4"
| #define VERSION "4.13.1git.1d21be9f"
| #define STDC_HEADERS 1
| #define HAVE_SYS_TYPES_H 1
| #define HAVE_SYS_STAT_H 1
| #define HAVE_STDLIB_H 1
| #define HAVE_STRING_H 1
| #define HAVE_MEMORY_H 1
| #define HAVE_STRINGS_H 1
| #define HAVE_INTTYPES_H 1
| #define HAVE_STDINT_H 1
| #define HAVE_UNISTD_H 1
| #define __EXTENSIONS__ 1
| #define _ALL_SOURCE 1
| #define _GNU_SOURCE 1
| #define _POSIX_PTHREAD_SEMANTICS 1
| #define _TANDEM_SOURCE 1
| #define HAVE_DLFCN_H 1
| #define LT_OBJDIR ".libs/"
| #define STDC_HEADERS 1
| #define HAVE_DAEMON 1
| #define HAVE_SETSID 1
| #define HAVE_OPENDIR 1
| #define GETTEXT_PACKAGE "xfwm4"
| #define HAVE_LOCALE_H 1
| #define HAVE_LC_MESSAGES 1
| /* end confdefs.h.  */
| #include <CoreFoundation/CFLocale.h>
| int
| main ()
| {
| CFLocaleCopyCurrent();
|   ;
|   return 0;
| }
configure:14127: result: no
configure:14141: checking libintl.h usability
configure:14141: gcc -c -g -O2  conftest.c >&5
configure:14141: $? = 0
configure:14141: result: yes
configure:14141: checking libintl.h presence
configure:14141: gcc -E  conftest.c
configure:14141: $? = 0
configure:14141: result: yes
configure:14141: checking for libintl.h
configure:14141: result: yes
configure:14149: checking for ngettext in libc
configure:14167: gcc -o conftest -g -O2   conftest.c  >&5
configure:14167: $? = 0
configure:14176: result: yes
configure:14180: checking for dgettext in libc
configure:14198: gcc -o conftest -g -O2   conftest.c  >&5
configure:14198: $? = 0
configure:14207: result: yes
configure:14214: checking for bind_textdomain_codeset
configure:14214: gcc -o conftest -g -O2   conftest.c  >&5
configure:14214: $? = 0
configure:14214: result: yes
configure:14490: checking for msgfmt
configure:14517: result: /usr/bin/msgfmt
configure:14528: checking for dcgettext
configure:14528: gcc -o conftest -g -O2   conftest.c   >&5
conftest.c:60:6: warning: conflicting types for built-in function 'dcgettext' [-Wbuiltin-declaration-mismatch]
 char dcgettext ();
      ^~~~~~~~~
configure:14528: $? = 0
configure:14528: result: yes
configure:14538: checking if msgfmt accepts -c
configure:14553: $MSGFMT -c -o /dev/null conftest.foo
conftest.foo:3: warning: header field 'Language' missing in header
configure:14556: $? = 0
configure:14558: result: yes
configure:14568: checking for gmsgfmt
configure:14599: result: /usr/bin/msgfmt
configure:14609: checking for xgettext
configure:14636: result: /usr/bin/xgettext
configure:14655: gcc -o conftest -g -O2   conftest.c   >&5
configure:14655: $? = 0
configure:14737: checking for catalogs to be installed
configure:14762: result:  am ar ast be bg bn ca cs da de el en_AU en_CA en_GB eo es et eu fi fr gl he hr hu id is it ja kk ko lt lv ms nb nl nn oc pa pl pt_BR pt ro ru si sk sl sq sr sv te th tr ug uk ur_PK ur vi zh_CN zh_HK zh_TW
configure:14795: checking for bind_textdomain_codeset
configure:14795: result: yes
configure:14801: checking for locales directory
configure:14817: result: ${datarootdir}/locale
configure:14821: checking for additional xgettext flags
configure:14829: result: --keyword=Q_ --from-code=UTF-8
configure:14833: checking for X
configure:14941: gcc -E  conftest.c
configure:14941: $? = 0
configure:14972: gcc -o conftest -g -O2   conftest.c -lX11  >&5
configure:14972: $? = 0
configure:15022: result: libraries , headers 
configure:15121: gcc -o conftest -g -O2   conftest.c   -lX11 >&5
configure:15121: $? = 0
configure:15219: checking for gethostbyname
configure:15219: gcc -o conftest -g -O2   conftest.c  >&5
configure:15219: $? = 0
configure:15219: result: yes
configure:15316: checking for connect
configure:15316: gcc -o conftest -g -O2   conftest.c  >&5
configure:15316: $? = 0
configure:15316: result: yes
configure:15365: checking for remove
configure:15365: gcc -o conftest -g -O2   conftest.c  >&5
configure:15365: $? = 0
configure:15365: result: yes
configure:15414: checking for shmat
configure:15414: gcc -o conftest -g -O2   conftest.c  >&5
configure:15414: $? = 0
configure:15414: result: yes
configure:15472: checking for IceConnectionNumber in -lICE
configure:15497: gcc -o conftest -g -O2   conftest.c -lICE   >&5
/usr/bin/ld: cannot find -lICE
collect2: error: ld returned 1 exit status
configure:15497: $? = 1
configure: failed program was:
| /* confdefs.h */
| #define PACKAGE_NAME "xfwm4"
| #define PACKAGE_TARNAME "xfwm4"
| #define PACKAGE_VERSION "4.13.1git.1d21be9f"
| #define PACKAGE_STRING "xfwm4 4.13.1git.1d21be9f"
| #define PACKAGE_BUGREPORT "xfce4-dev@xfce.org"
| #define PACKAGE_URL ""
| #define PACKAGE "xfwm4"
| #define VERSION "4.13.1git.1d21be9f"
| #define STDC_HEADERS 1
| #define HAVE_SYS_TYPES_H 1
| #define HAVE_SYS_STAT_H 1
| #define HAVE_STDLIB_H 1
| #define HAVE_STRING_H 1
| #define HAVE_MEMORY_H 1
| #define HAVE_STRINGS_H 1
| #define HAVE_INTTYPES_H 1
| #define HAVE_STDINT_H 1
| #define HAVE_UNISTD_H 1
| #define __EXTENSIONS__ 1
| #define _ALL_SOURCE 1
| #define _GNU_SOURCE 1
| #define _POSIX_PTHREAD_SEMANTICS 1
| #define _TANDEM_SOURCE 1
| #define HAVE_DLFCN_H 1
| #define LT_OBJDIR ".libs/"
| #define STDC_HEADERS 1
| #define HAVE_DAEMON 1
| #define HAVE_SETSID 1
| #define HAVE_OPENDIR 1
| #define GETTEXT_PACKAGE "xfwm4"
| #define HAVE_LOCALE_H 1
| #define HAVE_LC_MESSAGES 1
| #define HAVE_BIND_TEXTDOMAIN_CODESET 1
| #define HAVE_GETTEXT 1
| #define HAVE_DCGETTEXT 1
| #define ENABLE_NLS 1
| /* end confdefs.h.  */
| 
| /* Override any GCC internal prototype to avoid an error.
|    Use char because int might match the return type of a GCC
|    builtin and then its argument prototype would still apply.  */
| #ifdef __cplusplus
| extern "C"
| #endif
| char IceConnectionNumber ();
| int
| main ()
| {
| return IceConnectionNumber ();
|   ;
|   return 0;
| }
configure:15506: result: no
configure:15521: checking for main in -lX11
configure:15540: gcc -o conftest -g -O2   conftest.c -lX11      >&5
configure:15540: $? = 0
configure:15549: result: yes
configure:15593: checking for SmcSaveYourselfDone in -lSM
configure:15618: gcc -o conftest -g -O2   conftest.c -lSM    -lX11 -lICE  >&5
/usr/bin/ld: cannot find -lSM
/usr/bin/ld: cannot find -lICE
collect2: error: ld returned 1 exit status
configure:15618: $? = 1
configure: failed program was:
| /* confdefs.h */
| #define PACKAGE_NAME "xfwm4"
| #define PACKAGE_TARNAME "xfwm4"
| #define PACKAGE_VERSION "4.13.1git.1d21be9f"
| #define PACKAGE_STRING "xfwm4 4.13.1git.1d21be9f"
| #define PACKAGE_BUGREPORT "xfce4-dev@xfce.org"
| #define PACKAGE_URL ""
| #define PACKAGE "xfwm4"
| #define VERSION "4.13.1git.1d21be9f"
| #define STDC_HEADERS 1
| #define HAVE_SYS_TYPES_H 1
| #define HAVE_SYS_STAT_H 1
| #define HAVE_STDLIB_H 1
| #define HAVE_STRING_H 1
| #define HAVE_MEMORY_H 1
| #define HAVE_STRINGS_H 1
| #define HAVE_INTTYPES_H 1
| #define HAVE_STDINT_H 1
| #define HAVE_UNISTD_H 1
| #define __EXTENSIONS__ 1
| #define _ALL_SOURCE 1
| #define _GNU_SOURCE 1
| #define _POSIX_PTHREAD_SEMANTICS 1
| #define _TANDEM_SOURCE 1
| #define HAVE_DLFCN_H 1
| #define LT_OBJDIR ".libs/"
| #define STDC_HEADERS 1
| #define HAVE_DAEMON 1
| #define HAVE_SETSID 1
| #define HAVE_OPENDIR 1
| #define GETTEXT_PACKAGE "xfwm4"
| #define HAVE_LOCALE_H 1
| #define HAVE_LC_MESSAGES 1
| #define HAVE_BIND_TEXTDOMAIN_CODESET 1
| #define HAVE_GETTEXT 1
| #define HAVE_DCGETTEXT 1
| #define ENABLE_NLS 1
| #define HAVE_LIBX11 1
| /* end confdefs.h.  */
| 
| /* Override any GCC internal prototype to avoid an error.
|    Use char because int might match the return type of a GCC
|    builtin and then its argument prototype would still apply.  */
| #ifdef __cplusplus
| extern "C"
| #endif
| char SmcSaveYourselfDone ();
| int
| main ()
| {
| return SmcSaveYourselfDone ();
|   ;
|   return 0;
| }
configure:15627: result: no
configure:15649: checking for XShapeCombineShape in -lXext
configure:15674: gcc -o conftest -g -O2   conftest.c -lXext    -lX11  >&5
configure:15674: $? = 0
configure:15683: result: yes
configure:15694: checking for XISelectEvents in -lXi
configure:15719: gcc -o conftest -g -O2   conftest.c -lXi    -lX11 -lXext  >&5
configure:15719: $? = 0
configure:15728: result: yes
configure:15802: checking for pkg-config
configure:15820: found /usr/bin/pkg-config
configure:15832: result: /usr/bin/pkg-config
configure:15857: checking pkg-config is at least version 0.9.0
configure:15860: result: yes
configure:15882: checking for wayland-server >= 1.0.0
configure:15886: result: 1.15.0
configure:15889: checking WAYLAND_SERVER_CFLAGS
configure:15892: result: 
configure:15895: checking WAYLAND_SERVER_LIBS
configure:15898: result: -lwayland-server 
configure:15997: checking for pkg-config
configure:16027: result: /usr/bin/pkg-config
configure:16052: checking pkg-config is at least version 0.9.0
configure:16055: result: yes
configure:16077: checking for libweston-4 >= 4.0.0
configure:16081: result: 4.0.0
configure:16084: checking LIBWESTON_CFLAGS
configure:16087: result: -I/usr/include/libweston-4 -I/usr/include/pixman-1 
configure:16090: checking LIBWESTON_LIBS
configure:16093: result: -lweston-4 
configure:16192: checking for pkg-config
configure:16222: result: /usr/bin/pkg-config
configure:16247: checking pkg-config is at least version 0.9.0
configure:16250: result: yes
configure:16272: checking for libweston-desktop-4 >= 4.0.0
configure:16276: result: 4.0.0
configure:16279: checking LIBWESTON_DESKTOP_CFLAGS
configure:16282: result: -I/usr/include/libweston-4 -I/usr/include/pixman-1 
configure:16285: checking LIBWESTON_DESKTOP_LIBS
configure:16288: result: -lweston-desktop-4 
configure:16387: checking for pkg-config
configure:16417: result: /usr/bin/pkg-config
configure:16442: checking pkg-config is at least version 0.9.0
configure:16445: result: yes
configure:16467: checking for libinput >= 1.10.0
configure:16471: result: 1.11.3
configure:16474: checking LIBINPUT_CFLAGS
configure:16477: result: 
configure:16480: checking LIBINPUT_LIBS
configure:16483: result: -linput 
configure:16582: checking for pkg-config
configure:16612: result: /usr/bin/pkg-config
configure:16637: checking pkg-config is at least version 0.9.0
configure:16640: result: yes
configure:16662: checking for pixman-1 >= 0.34.0
configure:16666: result: 0.34.0
configure:16669: checking PIXMAN_CFLAGS
configure:16672: result: -I/usr/include/pixman-1 
configure:16675: checking PIXMAN_LIBS
configure:16678: result: -lpixman-1 
configure:16777: checking for pkg-config
configure:16807: result: /usr/bin/pkg-config
configure:16832: checking pkg-config is at least version 0.9.0
configure:16835: result: yes
configure:16857: checking for xkbcommon >= 0.8.0
configure:16861: result: 0.8.2
configure:16864: checking XKBCOMMON_CFLAGS
configure:16867: result: 
configure:16870: checking XKBCOMMON_LIBS
configure:16873: result: -lxkbcommon 
configure:16972: checking for pkg-config
configure:17002: result: /usr/bin/pkg-config
configure:17027: checking pkg-config is at least version 0.9.0
configure:17030: result: yes
configure:17052: checking for egl >= 1.0.0
configure:17056: result: 18.0.5
configure:17059: checking EGL_CFLAGS
configure:17062: result: -I/usr/include/libdrm 
configure:17065: checking EGL_LIBS
configure:17068: result: -lEGL 
configure:17167: checking for pkg-config
configure:17197: result: /usr/bin/pkg-config
configure:17222: checking pkg-config is at least version 0.9.0
configure:17225: result: yes
configure:17247: checking for libevdev >= 1.5.8
configure:17251: result: 1.5.9
configure:17254: checking EVDEV_CFLAGS
configure:17257: result: -I/usr/include/libevdev-1.0/ 
configure:17260: checking EVDEV_LIBS
configure:17263: result: -levdev 
configure:17363: checking for pkg-config
configure:17393: result: /usr/bin/pkg-config
configure:17418: checking pkg-config is at least version 0.9.0
configure:17421: result: yes
configure:17443: checking for gtk+-3.0 >= 3.20.0
configure:17447: result: 3.22.30
configure:17450: checking GTK_CFLAGS
configure:17453: result: -I/usr/include/gtk-3.0 -I/usr/include/pango-1.0 -I/usr/include/glib-2.0 -I/usr/lib64/glib-2.0/include -I/usr/include/fribidi -I/usr/include/cairo -I/usr/include/pixman-1 -I/usr/include/freetype2 -I/usr/include/libpng16 -I/usr/include/uuid -I/usr/include/harfbuzz -I/usr/include/gdk-pixbuf-2.0 -I/usr/include/gio-unix-2.0/ -I/usr/include/libdrm -I/usr/include/atk-1.0 -I/usr/include/at-spi2-atk/2.0 -I/usr/include/at-spi-2.0 -I/usr/include/dbus-1.0 -I/usr/lib64/dbus-1.0/include -pthread 
configure:17456: checking GTK_LIBS
configure:17459: result: -lgtk-3 -lgdk-3 -lpangocairo-1.0 -lpango-1.0 -latk-1.0 -lcairo-gobject -lcairo -lgdk_pixbuf-2.0 -lgio-2.0 -lgobject-2.0 -lglib-2.0 
configure:17558: checking for pkg-config
configure:17588: result: /usr/bin/pkg-config
configure:17613: checking pkg-config is at least version 0.9.0
configure:17616: result: yes
configure:17638: checking for libxfce4util-1.0 >= 4.8.0
configure:17642: result: 4.12.1
configure:17645: checking LIBXFCE4UTIL_CFLAGS
configure:17648: result: -I/usr/include/xfce4 -I/usr/include/glib-2.0 -I/usr/lib64/glib-2.0/include 
configure:17651: checking LIBXFCE4UTIL_LIBS
configure:17654: result: -lxfce4util -lglib-2.0 
configure:17753: checking for pkg-config
configure:17783: result: /usr/bin/pkg-config
configure:17808: checking pkg-config is at least version 0.9.0
configure:17811: result: yes
configure:17833: checking for libxfce4ui-2 >= 4.12.0
configure:17837: result: 4.12.1
configure:17840: checking LIBXFCE4UI_CFLAGS
configure:17843: result: -I/usr/include/xfce4/libxfce4ui-2 -I/usr/include/gtk-3.0 -I/usr/include/pango-1.0 -I/usr/include/glib-2.0 -I/usr/lib64/glib-2.0/include -I/usr/include/fribidi -I/usr/include/cairo -I/usr/include/pixman-1 -I/usr/include/freetype2 -I/usr/include/libpng16 -I/usr/include/uuid -I/usr/include/harfbuzz -I/usr/include/gdk-pixbuf-2.0 -I/usr/include/gio-unix-2.0/ -I/usr/include/libdrm -I/usr/include/atk-1.0 -I/usr/include/at-spi2-atk/2.0 -I/usr/include/at-spi-2.0 -I/usr/include/dbus-1.0 -I/usr/lib64/dbus-1.0/include -pthread -I/usr/include/xfce4 
configure:17846: checking LIBXFCE4UI_LIBS
configure:17849: result: -lxfce4ui-2 -lgtk-3 -lgdk-3 -lpangocairo-1.0 -lpango-1.0 -latk-1.0 -lcairo-gobject -lcairo -lgdk_pixbuf-2.0 -lgio-2.0 -lgobject-2.0 -lxfce4util -lglib-2.0 
configure:17948: checking for pkg-config
configure:17978: result: /usr/bin/pkg-config
configure:18003: checking pkg-config is at least version 0.9.0
configure:18006: result: yes
configure:18028: checking for libxfce4kbd-private-3 >= 4.12.0
configure:18032: result: 4.12.1
configure:18035: checking LIBXFCE4KBD_PRIVATE_CFLAGS
configure:18038: result: -I/usr/include/xfce4/libxfce4kbd-private-3 -I/usr/include/gtk-3.0 -I/usr/include/pango-1.0 -I/usr/include/glib-2.0 -I/usr/lib64/glib-2.0/include -I/usr/include/fribidi -I/usr/include/cairo -I/usr/include/pixman-1 -I/usr/include/freetype2 -I/usr/include/libpng16 -I/usr/include/uuid -I/usr/include/harfbuzz -I/usr/include/gdk-pixbuf-2.0 -I/usr/include/gio-unix-2.0/ -I/usr/include/libdrm -I/usr/include/atk-1.0 -I/usr/include/at-spi2-atk/2.0 -I/usr/include/at-spi-2.0 -I/usr/include/dbus-1.0 -I/usr/lib64/dbus-1.0/include -I/usr/include/xfce4 -I/usr/include/xfce4/xfconf-0 -I/usr/include/xfce4/libxfce4ui-2 -pthread 
configure:18041: checking LIBXFCE4KBD_PRIVATE_LIBS
configure:18044: result: -lxfce4kbd-private-3 -lxfconf-0 -ldbus-glib-1 -ldbus-1 -lxfce4ui-2 -lgtk-3 -lgdk-3 -lpangocairo-1.0 -lpango-1.0 -latk-1.0 -lcairo-gobject -lcairo -lgdk_pixbuf-2.0 -lgio-2.0 -lgobject-2.0 -lxfce4util -lglib-2.0 
configure:18143: checking for pkg-config
configure:18173: result: /usr/bin/pkg-config
configure:18198: checking pkg-config is at least version 0.9.0
configure:18201: result: yes
configure:18223: checking for libxfconf-0 >= 4.13.0
configure:18252: result: found, but 4.12.1
configure:18319: checking for pkg-config
configure:18349: result: /usr/bin/pkg-config
configure:18374: checking pkg-config is at least version 0.9.0
configure:18377: result: yes
configure:18399: checking for libxfconf-0 >= 4.12.0
configure:18403: result: 4.12.1
configure:18406: checking LIBXFCONF_CFLAGS
configure:18409: result: -I/usr/include/xfce4/xfconf-0 -I/usr/include/glib-2.0 -I/usr/lib64/glib-2.0/include -I/usr/include/dbus-1.0 -I/usr/lib64/dbus-1.0/include 
configure:18412: checking LIBXFCONF_LIBS
configure:18415: result: -lxfconf-0 -ldbus-glib-1 -ldbus-1 -lgobject-2.0 -lglib-2.0 
configure:18721: checking for pkg-config
configure:18751: result: /usr/bin/pkg-config
configure:18776: checking pkg-config is at least version 0.9.0
configure:18779: result: yes
configure:18801: checking for libwnck-3.0 >= 3.14
configure:18805: result: 3.24.1
configure:18808: checking LIBWNCK_CFLAGS
configure:18811: result: -I/usr/include/libwnck-3.0 -I/usr/include/glib-2.0 -I/usr/lib64/glib-2.0/include -I/usr/include/gtk-3.0 -I/usr/include/pango-1.0 -I/usr/include/fribidi -I/usr/include/cairo -I/usr/include/pixman-1 -I/usr/include/freetype2 -I/usr/include/libpng16 -I/usr/include/uuid -I/usr/include/harfbuzz -I/usr/include/gdk-pixbuf-2.0 -I/usr/include/gio-unix-2.0/ -I/usr/include/libdrm -I/usr/include/atk-1.0 -I/usr/include/at-spi2-atk/2.0 -I/usr/include/at-spi-2.0 -I/usr/include/dbus-1.0 -I/usr/lib64/dbus-1.0/include -pthread -I/usr/include/startup-notification-1.0 
configure:18814: checking LIBWNCK_LIBS
configure:18817: result: -lwnck-3 -lgtk-3 -lgdk-3 -lpangocairo-1.0 -lpango-1.0 -latk-1.0 -lcairo-gobject -lcairo -lgdk_pixbuf-2.0 -lgio-2.0 -lgobject-2.0 -lglib-2.0 
configure:18916: checking for pkg-config
configure:18946: result: /usr/bin/pkg-config
configure:18971: checking pkg-config is at least version 0.9.0
configure:18974: result: yes
configure:18996: checking for xinerama >= 0
configure:19000: result: 1.1.3
configure:19003: checking XINERAMA_CFLAGS
configure:19006: result: 
configure:19009: checking XINERAMA_LIBS
configure:19012: result: -lXinerama 
configure:19056: checking for exo-csource
configure:19074: found /usr/bin/exo-csource
configure:19086: result: /usr/bin/exo-csource
configure:19103: checking for glib-compile-resources
configure:19121: found /usr/bin/glib-compile-resources
configure:19133: result: /usr/bin/glib-compile-resources
configure:19225: checking for pkg-config
configure:19255: result: /usr/bin/pkg-config
configure:19280: checking pkg-config is at least version 0.9.0
configure:19283: result: yes
configure:19305: checking for epoxy >= 1.0
configure:19309: result: 1.5.2
configure:19312: checking EPOXY_CFLAGS
configure:19315: result: -I/usr/include/libdrm 
configure:19318: checking EPOXY_LIBS
configure:19321: result: -lepoxy 
configure:19462: checking for pkg-config
configure:19492: result: /usr/bin/pkg-config
configure:19517: checking pkg-config is at least version 0.9.0
configure:19520: result: yes
configure:19542: checking for libstartup-notification-1.0 >= 0.5
configure:19546: result: 0.12
configure:19549: checking LIBSTARTUP_NOTIFICATION_CFLAGS
configure:19552: result: -I/usr/include/startup-notification-1.0 
configure:19555: checking LIBSTARTUP_NOTIFICATION_LIBS
configure:19558: result: -lstartup-notification-1 
configure:19636: checking for XSyncQueryExtension in -lXext
configure:19661: gcc -o conftest -g -O2   conftest.c -lXext   >&5
configure:19661: $? = 0
configure:19670: result: yes
configure:19697: checking for RENDER
configure:19704: $PKG_CONFIG --exists --print-errors "xrender"
configure:19707: $? = 0
configure:19721: $PKG_CONFIG --exists --print-errors "xrender"
configure:19724: $? = 0
configure:19782: result: yes
configure:19854: checking for XRRUpdateConfiguration in -lXrandr
configure:19879: gcc -o conftest -g -O2    conftest.c -lXrandr    -lX11 -lXext -lXi -lXrender -lXext  >&5
configure:19879: $? = 0
configure:19888: result: yes
configure:19891: checking for X11/extensions/Xrandr.h
configure:19891: gcc -c -g -O2   conftest.c >&5
configure:19891: $? = 0
configure:19891: result: yes
configure:20036: checking for COMPOSITOR
configure:20043: $PKG_CONFIG --exists --print-errors "xcomposite >= 0.2 xfixes xdamage"
configure:20046: $? = 0
configure:20060: $PKG_CONFIG --exists --print-errors "xcomposite >= 0.2 xfixes xdamage"
configure:20063: $? = 0
configure:20121: result: yes
configure:20165: checking whether to build with debugging support
configure:20246: result: minimum
configure:20374: checking that generated files are newer than configure
configure:20380: result: done
configure:20427: creating ./config.status

## ---------------------- ##
## Running config.status. ##
## ---------------------- ##

This file was extended by xfwm4 config.status 4.13.1git.1d21be9f, which was
generated by GNU Autoconf 2.69.  Invocation command line was

  CONFIG_FILES    = 
  CONFIG_HEADERS  = 
  CONFIG_LINKS    = 
  CONFIG_COMMANDS = 
  $ ./config.status 

on linux1

config.status:1329: creating Makefile
config.status:1329: creating defaults/Makefile
config.status:1329: creating helper-dialog/Makefile
config.status:1329: creating icons/Makefile
config.status:1329: creating icons/22x22/Makefile
config.status:1329: creating icons/48x48/Makefile
config.status:1329: creating icons/scalable/Makefile
config.status:1329: creating po/Makefile.in
config.status:1329: creating common/Makefile
config.status:1329: creating settings-dialogs/Makefile
config.status:1329: creating src/Makefile
config.status:1329: creating themes/Makefile
config.status:1329: creating themes/daloa/Makefile
config.status:1329: creating themes/default/Makefile
config.status:1329: creating themes/default-hdpi/Makefile
config.status:1329: creating themes/default-xhdpi/Makefile
config.status:1329: creating themes/kokodi/Makefile
config.status:1329: creating themes/moheli/Makefile
config.status:1329: creating config.h
config.status:1510: config.h is unchanged
config.status:1558: executing depfiles commands
config.status:1558: executing libtool commands
config.status:1558: executing default-1 commands
config.status:1558: executing po/stamp-it commands

## ---------------- ##
## Cache variables. ##
## ---------------- ##

ac_cv_build=x86_64-pc-linux-gnu
ac_cv_c_compiler_gnu=yes
ac_cv_c_inline=inline
ac_cv_env_CC_set=
ac_cv_env_CC_value=
ac_cv_env_CFLAGS_set=
ac_cv_env_CFLAGS_value=
ac_cv_env_COMPOSITOR_CFLAGS_set=
ac_cv_env_COMPOSITOR_CFLAGS_value=
ac_cv_env_COMPOSITOR_LIBS_set=
ac_cv_env_COMPOSITOR_LIBS_value=
ac_cv_env_CPPFLAGS_set=
ac_cv_env_CPPFLAGS_value=
ac_cv_env_CPP_set=
ac_cv_env_CPP_value=
ac_cv_env_LDFLAGS_set=
ac_cv_env_LDFLAGS_value=
ac_cv_env_LIBS_set=
ac_cv_env_LIBS_value=
ac_cv_env_LT_SYS_LIBRARY_PATH_set=
ac_cv_env_LT_SYS_LIBRARY_PATH_value=
ac_cv_env_PKG_CONFIG_LIBDIR_set=
ac_cv_env_PKG_CONFIG_LIBDIR_value=
ac_cv_env_PKG_CONFIG_PATH_set=
ac_cv_env_PKG_CONFIG_PATH_value=
ac_cv_env_PKG_CONFIG_set=
ac_cv_env_PKG_CONFIG_value=
ac_cv_env_PRESENT_EXTENSION_CFLAGS_set=
ac_cv_env_PRESENT_EXTENSION_CFLAGS_value=
ac_cv_env_PRESENT_EXTENSION_LIBS_set=
ac_cv_env_PRESENT_EXTENSION_LIBS_value=
ac_cv_env_RENDER_CFLAGS_set=
ac_cv_env_RENDER_CFLAGS_value=
ac_cv_env_RENDER_LIBS_set=
ac_cv_env_RENDER_LIBS_value=
ac_cv_env_XMKMF_set=
ac_cv_env_XMKMF_value=
ac_cv_env_build_alias_set=
ac_cv_env_build_alias_value=
ac_cv_env_host_alias_set=
ac_cv_env_host_alias_value=
ac_cv_env_target_alias_set=
ac_cv_env_target_alias_value=
ac_cv_func_bind_textdomain_codeset=yes
ac_cv_func_connect=yes
ac_cv_func_daemon=yes
ac_cv_func_dcgettext=yes
ac_cv_func_gethostbyname=yes
ac_cv_func_opendir=yes
ac_cv_func_remove=yes
ac_cv_func_setsid=yes
ac_cv_func_shmat=yes
ac_cv_have_x='have_x=yes	ac_x_includes='\'''\''	ac_x_libraries='\'''\'''
ac_cv_header_X11_extensions_Xrandr_h=yes
ac_cv_header_dlfcn_h=yes
ac_cv_header_inttypes_h=yes
ac_cv_header_libintl_h=yes
ac_cv_header_locale_h=yes
ac_cv_header_memory_h=yes
ac_cv_header_minix_config_h=no
ac_cv_header_stdc=yes
ac_cv_header_stdint_h=yes
ac_cv_header_stdlib_h=yes
ac_cv_header_string_h=yes
ac_cv_header_strings_h=yes
ac_cv_header_stropts_h=no
ac_cv_header_sys_stat_h=yes
ac_cv_header_sys_types_h=yes
ac_cv_header_unistd_h=yes
ac_cv_host=x86_64-pc-linux-gnu
ac_cv_lib_ICE_IceConnectionNumber=no
ac_cv_lib_SM_SmcSaveYourselfDone=no
ac_cv_lib_X11_main=yes
ac_cv_lib_Xext_XShapeCombineShape=yes
ac_cv_lib_Xext_XSyncQueryExtension=yes
ac_cv_lib_Xi_XISelectEvents=yes
ac_cv_lib_Xrandr_XRRUpdateConfiguration=yes
ac_cv_lib_m_ceil=yes
ac_cv_objext=o
ac_cv_path_EGREP='/usr/bin/grep -E'
ac_cv_path_EXO_CSOURCE=/usr/bin/exo-csource
ac_cv_path_FGREP='/usr/bin/grep -F'
ac_cv_path_GLIB_COMPILE_RESOURCES=/usr/bin/glib-compile-resources
ac_cv_path_GMSGFMT=/usr/bin/msgfmt
ac_cv_path_GREP=/usr/bin/grep
ac_cv_path_INTLTOOL_EXTRACT=/usr/bin/intltool-extract
ac_cv_path_INTLTOOL_MERGE=/usr/bin/intltool-merge
ac_cv_path_INTLTOOL_PERL=/usr/bin/perl
ac_cv_path_INTLTOOL_UPDATE=/usr/bin/intltool-update
ac_cv_path_MSGFMT=/usr/bin/msgfmt
ac_cv_path_MSGMERGE=/usr/bin/msgmerge
ac_cv_path_SED=/usr/bin/sed
ac_cv_path_XGETTEXT=/usr/bin/xgettext
ac_cv_path_ac_pt_PKG_CONFIG=/usr/bin/pkg-config
ac_cv_path_install='/usr/bin/install -c'
ac_cv_path_lt_DD=/usr/bin/dd
ac_cv_path_mkdir=/usr/bin/mkdir
ac_cv_prog_AWK=gawk
ac_cv_prog_CPP='gcc -E'
ac_cv_prog_ac_ct_AR=ar
ac_cv_prog_ac_ct_CC=gcc
ac_cv_prog_ac_ct_OBJDUMP=objdump
ac_cv_prog_ac_ct_RANLIB=ranlib
ac_cv_prog_ac_ct_STRIP=strip
ac_cv_prog_cc_c89=
ac_cv_prog_cc_g=yes
ac_cv_prog_make_gmake_set=yes
ac_cv_safe_to_define___extensions__=yes
ac_cv_search_strerror='none required'
am_cv_CC_dependencies_compiler_type=gcc3
am_cv_make_support_nested_variables=yes
am_cv_prog_cc_c_o=yes
am_cv_prog_tar_ustar=gnutar
am_cv_val_LC_MESSAGES=yes
gt_cv_func_CFLocaleCopyCurrent=no
gt_cv_func_CFPreferencesCopyAppValue=no
gt_cv_func_dgettext_libc=yes
gt_cv_func_dgettext_libintl=no
gt_cv_func_ngettext_libc=yes
gt_cv_have_gettext=yes
lt_cv_ar_at_file=@
lt_cv_archive_cmds_need_lc=no
lt_cv_deplibs_check_method=pass_all
lt_cv_file_magic_cmd='$MAGIC_CMD'
lt_cv_file_magic_test_file=
lt_cv_ld_reload_flag=-r
lt_cv_nm_interface='BSD nm'
lt_cv_objdir=.libs
lt_cv_path_LD=/usr/bin/ld
lt_cv_path_NM='/usr/bin/nm -B'
lt_cv_path_mainfest_tool=no
lt_cv_prog_compiler_c_o=yes
lt_cv_prog_compiler_pic='-fPIC -DPIC'
lt_cv_prog_compiler_pic_works=yes
lt_cv_prog_compiler_rtti_exceptions=no
lt_cv_prog_compiler_static_works=no
lt_cv_prog_gnu_ld=yes
lt_cv_sharedlib_from_linklib_cmd='printf %s\n'
lt_cv_shlibpath_overrides_runpath=no
lt_cv_sys_global_symbol_pipe='sed -n -e '\''s/^.*[	 ]\([ABCDGIRSTW][ABCDGIRSTW]*\)[	 ][	 ]*\([_A-Za-z][_A-Za-z0-9]*\)$/\1 \2 \2/p'\'' | sed '\''/ __gnu_lto/d'\'''
lt_cv_sys_global_symbol_to_c_name_address='sed -n -e '\''s/^: \(.*\) .*$/  {"\1", (void *) 0},/p'\'' -e '\''s/^[ABCDGIRSTW][ABCDGIRSTW]* .* \(.*\)$/  {"\1", (void *) \&\1},/p'\'''
lt_cv_sys_global_symbol_to_c_name_address_lib_prefix='sed -n -e '\''s/^: \(.*\) .*$/  {"\1", (void *) 0},/p'\'' -e '\''s/^[ABCDGIRSTW][ABCDGIRSTW]* .* \(lib.*\)$/  {"\1", (void *) \&\1},/p'\'' -e '\''s/^[ABCDGIRSTW][ABCDGIRSTW]* .* \(.*\)$/  {"lib\1", (void *) \&\1},/p'\'''
lt_cv_sys_global_symbol_to_cdecl='sed -n -e '\''s/^T .* \(.*\)$/extern int \1();/p'\'' -e '\''s/^[ABCDGIRSTW][ABCDGIRSTW]* .* \(.*\)$/extern char \1;/p'\'''
lt_cv_sys_global_symbol_to_import=
lt_cv_sys_max_cmd_len=1572864
lt_cv_to_host_file_cmd=func_convert_file_noop
lt_cv_to_tool_file_cmd=func_convert_file_noop
lt_cv_truncate_bin='/usr/bin/dd bs=4096 count=1'
pkg_cv_COMPOSITOR_CFLAGS=
pkg_cv_COMPOSITOR_LIBS='-lXcomposite -lXdamage -lXfixes '
pkg_cv_RENDER_CFLAGS=
pkg_cv_RENDER_LIBS='-lXrender -lX11 '
xdt_cv_EPOXY_check=yes
xdt_cv_LIBSTARTUP_NOTIFICATION_check=yes
xdt_cv_PKG_CONFIG_MIN_VERSION=0.9.0
xdt_cv_version=4.12.1

## ----------------- ##
## Output variables. ##
## ----------------- ##

ACLOCAL='${SHELL} /home/adlo/xfwm4/missing aclocal-1.15'
ALL_LINGUAS='am ar ast be bg bn ca cs da de el en_AU en_CA en_GB eo es et eu fi fr gl he hr hu id is it ja kk ko lt lv ms nb nl nn oc pa pl pt_BR pt ro ru si sk sl sq sr sv te th tr ug uk ur_PK ur vi zh_CN zh_HK zh_TW '
AMDEPBACKSLASH='\'
AMDEP_FALSE='#'
AMDEP_TRUE=''
AMTAR='$${TAR-tar}'
AM_BACKSLASH='\'
AM_DEFAULT_V='$(AM_DEFAULT_VERBOSITY)'
AM_DEFAULT_VERBOSITY='0'
AM_V='$(V)'
AR='ar'
AUTOCONF='${SHELL} /home/adlo/xfwm4/missing autoconf'
AUTOHEADER='${SHELL} /home/adlo/xfwm4/missing autoheader'
AUTOMAKE='${SHELL} /home/adlo/xfwm4/missing automake-1.15'
AWK='gawk'
CATALOGS=' am.gmo ar.gmo ast.gmo be.gmo bg.gmo bn.gmo ca.gmo cs.gmo da.gmo de.gmo el.gmo en_AU.gmo en_CA.gmo en_GB.gmo eo.gmo es.gmo et.gmo eu.gmo fi.gmo fr.gmo gl.gmo he.gmo hr.gmo hu.gmo id.gmo is.gmo it.gmo ja.gmo kk.gmo ko.gmo lt.gmo lv.gmo ms.gmo nb.gmo nl.gmo nn.gmo oc.gmo pa.gmo pl.gmo pt_BR.gmo pt.gmo ro.gmo ru.gmo si.gmo sk.gmo sl.gmo sq.gmo sr.gmo sv.gmo te.gmo th.gmo tr.gmo ug.gmo uk.gmo ur_PK.gmo ur.gmo vi.gmo zh_CN.gmo zh_HK.gmo zh_TW.gmo'
CATOBJEXT='.gmo'
CC='gcc'
CCDEPMODE='depmode=gcc3'
CFLAGS='-g -O2'
COMPOSITOR_CFLAGS=''
COMPOSITOR_LIBS='-lXcomposite -lXdamage -lXfixes '
CPP='gcc -E'
CPPFLAGS=' -DNDEBUG'
CYGPATH_W='echo'
DATADIRNAME='share'
DEFS='-DHAVE_CONFIG_H'
DEPDIR='.deps'
DLLTOOL='false'
DSYMUTIL=''
DUMPBIN=''
ECHO_C=''
ECHO_N='-n'
ECHO_T=''
EGL_CFLAGS='-I/usr/include/libdrm '
EGL_LIBS='-lEGL '
EGL_REQUIRED_VERSION='1.0.0'
EGL_VERSION='18.0.5'
EGREP='/usr/bin/grep -E'
ENABLE_COMPOSITOR='--enable-compositor'
ENABLE_KDE_SYSTRAY=''
EPOXY_CFLAGS='-I/usr/include/libdrm '
EPOXY_LIBS='-lepoxy '
EPOXY_REQUIRED_VERSION='1.0'
EPOXY_VERSION='1.5.2'
EVDEV_CFLAGS='-I/usr/include/libevdev-1.0/ '
EVDEV_LIBS='-levdev '
EVDEV_REQUIRED_VERSION='1.5.8'
EVDEV_VERSION='1.5.9'
EXEEXT=''
EXO_CSOURCE='/usr/bin/exo-csource'
FGREP='/usr/bin/grep -F'
GETTEXT_PACKAGE='xfwm4'
GLIB_COMPILE_RESOURCES='/usr/bin/glib-compile-resources'
GMOFILES=' am.gmo ar.gmo ast.gmo be.gmo bg.gmo bn.gmo ca.gmo cs.gmo da.gmo de.gmo el.gmo en_AU.gmo en_CA.gmo en_GB.gmo eo.gmo es.gmo et.gmo eu.gmo fi.gmo fr.gmo gl.gmo he.gmo hr.gmo hu.gmo id.gmo is.gmo it.gmo ja.gmo kk.gmo ko.gmo lt.gmo lv.gmo ms.gmo nb.gmo nl.gmo nn.gmo oc.gmo pa.gmo pl.gmo pt_BR.gmo pt.gmo ro.gmo ru.gmo si.gmo sk.gmo sl.gmo sq.gmo sr.gmo sv.gmo te.gmo th.gmo tr.gmo ug.gmo uk.gmo ur_PK.gmo ur.gmo vi.gmo zh_CN.gmo zh_HK.gmo zh_TW.gmo'
GMSGFMT='/usr/bin/msgfmt'
GREP='/usr/bin/grep'
GTK_CFLAGS='-I/usr/include/gtk-3.0 -I/usr/include/pango-1.0 -I/usr/include/glib-2.0 -I/usr/lib64/glib-2.0/include -I/usr/include/fribidi -I/usr/include/cairo -I/usr/include/pixman-1 -I/usr/include/freetype2 -I/usr/include/libpng16 -I/usr/include/uuid -I/usr/include/harfbuzz -I/usr/include/gdk-pixbuf-2.0 -I/usr/include/gio-unix-2.0/ -I/usr/include/libdrm -I/usr/include/atk-1.0 -I/usr/include/at-spi2-atk/2.0 -I/usr/include/at-spi-2.0 -I/usr/include/dbus-1.0 -I/usr/lib64/dbus-1.0/include -pthread '
GTK_LIBS='-lgtk-3 -lgdk-3 -lpangocairo-1.0 -lpango-1.0 -latk-1.0 -lcairo-gobject -lcairo -lgdk_pixbuf-2.0 -lgio-2.0 -lgobject-2.0 -lglib-2.0 '
GTK_REQUIRED_VERSION='3.20.0'
GTK_VERSION='3.22.30'
HAVE_CYGWIN_FALSE=''
HAVE_CYGWIN_TRUE='#'
HAVE_EPOXY_FALSE='#'
HAVE_EPOXY_TRUE=''
HAVE_LIBSTARTUP_NOTIFICATION_FALSE='#'
HAVE_LIBSTARTUP_NOTIFICATION_TRUE=''
HELPER_PATH_PREFIX='${exec_prefix}/lib'
INSTALL_DATA='${INSTALL} -m 644'
INSTALL_PROGRAM='${INSTALL}'
INSTALL_SCRIPT='${INSTALL}'
INSTALL_STRIP_PROGRAM='$(install_sh) -c -s'
INSTOBJEXT='.mo'
INTLLIBS=''
INTLTOOL_CAVES_RULE='%.caves:     %.caves.in     $(INTLTOOL_MERGE) $(wildcard $(top_srcdir)/po/*.po) ; $(INTLTOOL_V_MERGE)LC_ALL=C $(INTLTOOL_MERGE) $(INTLTOOL_V_MERGE_OPTIONS) -d -u -c $(top_builddir)/po/.intltool-merge-cache $(top_srcdir)/po $< $@'
INTLTOOL_DESKTOP_RULE='%.desktop:   %.desktop.in   $(INTLTOOL_MERGE) $(wildcard $(top_srcdir)/po/*.po) ; $(INTLTOOL_V_MERGE)LC_ALL=C $(INTLTOOL_MERGE) $(INTLTOOL_V_MERGE_OPTIONS) -d -u -c $(top_builddir)/po/.intltool-merge-cache $(top_srcdir)/po $< $@'
INTLTOOL_DIRECTORY_RULE='%.directory: %.directory.in $(INTLTOOL_MERGE) $(wildcard $(top_srcdir)/po/*.po) ; $(INTLTOOL_V_MERGE)LC_ALL=C $(INTLTOOL_MERGE) $(INTLTOOL_V_MERGE_OPTIONS) -d -u -c $(top_builddir)/po/.intltool-merge-cache $(top_srcdir)/po $< $@'
INTLTOOL_EXTRACT='/usr/bin/intltool-extract'
INTLTOOL_KBD_RULE='%.kbd:       %.kbd.in       $(INTLTOOL_MERGE) $(wildcard $(top_srcdir)/po/*.po) ; $(INTLTOOL_V_MERGE)LC_ALL=C $(INTLTOOL_MERGE) $(INTLTOOL_V_MERGE_OPTIONS) -x -u -m -c $(top_builddir)/po/.intltool-merge-cache $(top_srcdir)/po $< $@'
INTLTOOL_KEYS_RULE='%.keys:      %.keys.in      $(INTLTOOL_MERGE) $(wildcard $(top_srcdir)/po/*.po) ; $(INTLTOOL_V_MERGE)LC_ALL=C $(INTLTOOL_MERGE) $(INTLTOOL_V_MERGE_OPTIONS) -k -u -c $(top_builddir)/po/.intltool-merge-cache $(top_srcdir)/po $< $@'
INTLTOOL_MERGE='/usr/bin/intltool-merge'
INTLTOOL_OAF_RULE='%.oaf:       %.oaf.in       $(INTLTOOL_MERGE) $(wildcard $(top_srcdir)/po/*.po) ; $(INTLTOOL_V_MERGE)LC_ALL=C $(INTLTOOL_MERGE) $(INTLTOOL_V_MERGE_OPTIONS) -o -p $(top_srcdir)/po $< $@'
INTLTOOL_PERL='/usr/bin/perl'
INTLTOOL_POLICY_RULE='%.policy:    %.policy.in    $(INTLTOOL_MERGE) $(wildcard $(top_srcdir)/po/*.po) ; $(INTLTOOL_V_MERGE)LC_ALL=C $(INTLTOOL_MERGE) $(INTLTOOL_V_MERGE_OPTIONS) -x -u -c $(top_builddir)/po/.intltool-merge-cache $(top_srcdir)/po $< $@'
INTLTOOL_PONG_RULE='%.pong:      %.pong.in      $(INTLTOOL_MERGE) $(wildcard $(top_srcdir)/po/*.po) ; $(INTLTOOL_V_MERGE)LC_ALL=C $(INTLTOOL_MERGE) $(INTLTOOL_V_MERGE_OPTIONS) -x -u -c $(top_builddir)/po/.intltool-merge-cache $(top_srcdir)/po $< $@'
INTLTOOL_PROP_RULE='%.prop:      %.prop.in      $(INTLTOOL_MERGE) $(wildcard $(top_srcdir)/po/*.po) ; $(INTLTOOL_V_MERGE)LC_ALL=C $(INTLTOOL_MERGE) $(INTLTOOL_V_MERGE_OPTIONS) -d -u -c $(top_builddir)/po/.intltool-merge-cache $(top_srcdir)/po $< $@'
INTLTOOL_SCHEMAS_RULE='%.schemas:   %.schemas.in   $(INTLTOOL_MERGE) $(wildcard $(top_srcdir)/po/*.po) ; $(INTLTOOL_V_MERGE)LC_ALL=C $(INTLTOOL_MERGE) $(INTLTOOL_V_MERGE_OPTIONS) -s -u -c $(top_builddir)/po/.intltool-merge-cache $(top_srcdir)/po $< $@'
INTLTOOL_SERVER_RULE='%.server:    %.server.in    $(INTLTOOL_MERGE) $(wildcard $(top_srcdir)/po/*.po) ; $(INTLTOOL_V_MERGE)LC_ALL=C $(INTLTOOL_MERGE) $(INTLTOOL_V_MERGE_OPTIONS) -o -u -c $(top_builddir)/po/.intltool-merge-cache $(top_srcdir)/po $< $@'
INTLTOOL_SERVICE_RULE='%.service: %.service.in   $(INTLTOOL_MERGE) $(wildcard $(top_srcdir)/po/*.po) ; $(INTLTOOL_V_MERGE)LC_ALL=C $(INTLTOOL_MERGE) $(INTLTOOL_V_MERGE_OPTIONS) -d -u -c $(top_builddir)/po/.intltool-merge-cache $(top_srcdir)/po $< $@'
INTLTOOL_SHEET_RULE='%.sheet:     %.sheet.in     $(INTLTOOL_MERGE) $(wildcard $(top_srcdir)/po/*.po) ; $(INTLTOOL_V_MERGE)LC_ALL=C $(INTLTOOL_MERGE) $(INTLTOOL_V_MERGE_OPTIONS) -x -u -c $(top_builddir)/po/.intltool-merge-cache $(top_srcdir)/po $< $@'
INTLTOOL_SOUNDLIST_RULE='%.soundlist: %.soundlist.in $(INTLTOOL_MERGE) $(wildcard $(top_srcdir)/po/*.po) ; $(INTLTOOL_V_MERGE)LC_ALL=C $(INTLTOOL_MERGE) $(INTLTOOL_V_MERGE_OPTIONS) -d -u -c $(top_builddir)/po/.intltool-merge-cache $(top_srcdir)/po $< $@'
INTLTOOL_THEME_RULE='%.theme:     %.theme.in     $(INTLTOOL_MERGE) $(wildcard $(top_srcdir)/po/*.po) ; $(INTLTOOL_V_MERGE)LC_ALL=C $(INTLTOOL_MERGE) $(INTLTOOL_V_MERGE_OPTIONS) -d -u -c $(top_builddir)/po/.intltool-merge-cache $(top_srcdir)/po $< $@'
INTLTOOL_UI_RULE='%.ui:        %.ui.in        $(INTLTOOL_MERGE) $(wildcard $(top_srcdir)/po/*.po) ; $(INTLTOOL_V_MERGE)LC_ALL=C $(INTLTOOL_MERGE) $(INTLTOOL_V_MERGE_OPTIONS) -x -u -c $(top_builddir)/po/.intltool-merge-cache $(top_srcdir)/po $< $@'
INTLTOOL_UPDATE='/usr/bin/intltool-update'
INTLTOOL_V_MERGE='$(INTLTOOL__v_MERGE_$(V))'
INTLTOOL_V_MERGE_OPTIONS='$(intltool__v_merge_options_$(V))'
INTLTOOL_XAM_RULE='%.xam:       %.xml.in       $(INTLTOOL_MERGE) $(wildcard $(top_srcdir)/po/*.po) ; $(INTLTOOL_V_MERGE)LC_ALL=C $(INTLTOOL_MERGE) $(INTLTOOL_V_MERGE_OPTIONS) -x -u -c $(top_builddir)/po/.intltool-merge-cache $(top_srcdir)/po $< $@'
INTLTOOL_XML_NOMERGE_RULE='%.xml:       %.xml.in       $(INTLTOOL_MERGE) ; $(INTLTOOL_V_MERGE)LC_ALL=C $(INTLTOOL_MERGE) $(INTLTOOL_V_MERGE_OPTIONS) -x -u --no-translations $< $@'
INTLTOOL_XML_RULE='%.xml:       %.xml.in       $(INTLTOOL_MERGE) $(wildcard $(top_srcdir)/po/*.po) ; $(INTLTOOL_V_MERGE)LC_ALL=C $(INTLTOOL_MERGE) $(INTLTOOL_V_MERGE_OPTIONS) -x -u -c $(top_builddir)/po/.intltool-merge-cache $(top_srcdir)/po $< $@'
INTLTOOL__v_MERGE_0='@echo "  ITMRG " $@;'
INTLTOOL__v_MERGE_='$(INTLTOOL__v_MERGE_$(AM_DEFAULT_VERBOSITY))'
INTL_MACOSX_LIBS=''
LD='/usr/bin/ld -m elf_x86_64'
LDFLAGS=''
LIBINPUT_CFLAGS=''
LIBINPUT_LIBS='-linput '
LIBINPUT_REQUIRED_VERSION='1.10.0'
LIBINPUT_VERSION='1.11.3'
LIBOBJS=''
LIBS=''
LIBSM_CFLAGS=''
LIBSM_LDFLAGS=''
LIBSM_LIBS=''
LIBSTARTUP_NOTIFICATION_CFLAGS='-I/usr/include/startup-notification-1.0 '
LIBSTARTUP_NOTIFICATION_LIBS='-lstartup-notification-1 '
LIBSTARTUP_NOTIFICATION_REQUIRED_VERSION='0.5'
LIBSTARTUP_NOTIFICATION_VERSION='0.12'
LIBTOOL='$(SHELL) $(top_builddir)/libtool'
LIBWESTON_CFLAGS='-I/usr/include/libweston-4 -I/usr/include/pixman-1 '
LIBWESTON_DESKTOP_CFLAGS='-I/usr/include/libweston-4 -I/usr/include/pixman-1 '
LIBWESTON_DESKTOP_LIBS='-lweston-desktop-4 '
LIBWESTON_DESKTOP_REQUIRED_VERSION='4.0.0'
LIBWESTON_DESKTOP_VERSION='4.0.0'
LIBWESTON_LIBS='-lweston-4 '
LIBWESTON_REQUIRED_VERSION='4.0.0'
LIBWESTON_VERSION='4.0.0'
LIBWNCK_CFLAGS='-I/usr/include/libwnck-3.0 -I/usr/include/glib-2.0 -I/usr/lib64/glib-2.0/include -I/usr/include/gtk-3.0 -I/usr/include/pango-1.0 -I/usr/include/fribidi -I/usr/include/cairo -I/usr/include/pixman-1 -I/usr/include/freetype2 -I/usr/include/libpng16 -I/usr/include/uuid -I/usr/include/harfbuzz -I/usr/include/gdk-pixbuf-2.0 -I/usr/include/gio-unix-2.0/ -I/usr/include/libdrm -I/usr/include/atk-1.0 -I/usr/include/at-spi2-atk/2.0 -I/usr/include/at-spi-2.0 -I/usr/include/dbus-1.0 -I/usr/lib64/dbus-1.0/include -pthread -I/usr/include/startup-notification-1.0 '
LIBWNCK_LIBS='-lwnck-3 -lgtk-3 -lgdk-3 -lpangocairo-1.0 -lpango-1.0 -latk-1.0 -lcairo-gobject -lcairo -lgdk_pixbuf-2.0 -lgio-2.0 -lgobject-2.0 -lglib-2.0 '
LIBWNCK_REQUIRED_VERSION='3.14'
LIBWNCK_VERSION='3.24.1'
LIBX11_CFLAGS=''
LIBX11_LDFLAGS=''
LIBX11_LIBS=' -lX11 -lXext -lXi'
LIBXFCE4KBD_PRIVATE_CFLAGS='-I/usr/include/xfce4/libxfce4kbd-private-3 -I/usr/include/gtk-3.0 -I/usr/include/pango-1.0 -I/usr/include/glib-2.0 -I/usr/lib64/glib-2.0/include -I/usr/include/fribidi -I/usr/include/cairo -I/usr/include/pixman-1 -I/usr/include/freetype2 -I/usr/include/libpng16 -I/usr/include/uuid -I/usr/include/harfbuzz -I/usr/include/gdk-pixbuf-2.0 -I/usr/include/gio-unix-2.0/ -I/usr/include/libdrm -I/usr/include/atk-1.0 -I/usr/include/at-spi2-atk/2.0 -I/usr/include/at-spi-2.0 -I/usr/include/dbus-1.0 -I/usr/lib64/dbus-1.0/include -I/usr/include/xfce4 -I/usr/include/xfce4/xfconf-0 -I/usr/include/xfce4/libxfce4ui-2 -pthread '
LIBXFCE4KBD_PRIVATE_LIBS='-lxfce4kbd-private-3 -lxfconf-0 -ldbus-glib-1 -ldbus-1 -lxfce4ui-2 -lgtk-3 -lgdk-3 -lpangocairo-1.0 -lpango-1.0 -latk-1.0 -lcairo-gobject -lcairo -lgdk_pixbuf-2.0 -lgio-2.0 -lgobject-2.0 -lxfce4util -lglib-2.0 '
LIBXFCE4KBD_PRIVATE_REQUIRED_VERSION='4.12.0'
LIBXFCE4KBD_PRIVATE_VERSION='4.12.1'
LIBXFCE4UI_CFLAGS='-I/usr/include/xfce4/libxfce4ui-2 -I/usr/include/gtk-3.0 -I/usr/include/pango-1.0 -I/usr/include/glib-2.0 -I/usr/lib64/glib-2.0/include -I/usr/include/fribidi -I/usr/include/cairo -I/usr/include/pixman-1 -I/usr/include/freetype2 -I/usr/include/libpng16 -I/usr/include/uuid -I/usr/include/harfbuzz -I/usr/include/gdk-pixbuf-2.0 -I/usr/include/gio-unix-2.0/ -I/usr/include/libdrm -I/usr/include/atk-1.0 -I/usr/include/at-spi2-atk/2.0 -I/usr/include/at-spi-2.0 -I/usr/include/dbus-1.0 -I/usr/lib64/dbus-1.0/include -pthread -I/usr/include/xfce4 '
LIBXFCE4UI_LIBS='-lxfce4ui-2 -lgtk-3 -lgdk-3 -lpangocairo-1.0 -lpango-1.0 -latk-1.0 -lcairo-gobject -lcairo -lgdk_pixbuf-2.0 -lgio-2.0 -lgobject-2.0 -lxfce4util -lglib-2.0 '
LIBXFCE4UI_REQUIRED_VERSION='4.12.0'
LIBXFCE4UI_VERSION='4.12.1'
LIBXFCE4UTIL_CFLAGS='-I/usr/include/xfce4 -I/usr/include/glib-2.0 -I/usr/lib64/glib-2.0/include '
LIBXFCE4UTIL_LIBS='-lxfce4util -lglib-2.0 '
LIBXFCE4UTIL_REQUIRED_VERSION='4.8.0'
LIBXFCE4UTIL_VERSION='4.12.1'
LIBXFCONF_CFLAGS='-I/usr/include/xfce4/xfconf-0 -I/usr/include/glib-2.0 -I/usr/lib64/glib-2.0/include -I/usr/include/dbus-1.0 -I/usr/lib64/dbus-1.0/include '
LIBXFCONF_LIBS='-lxfconf-0 -ldbus-glib-1 -ldbus-1 -lgobject-2.0 -lglib-2.0 '
LIBXFCONF_REQUIRED_VERSION='4.12.0'
LIBXFCONF_VERSION='4.12.1'
LIPO=''
LN_S='ln -s'
LTLIBOBJS=''
LT_SYS_LIBRARY_PATH=''
MAINT=''
MAINTAINER_MODE_FALSE='#'
MAINTAINER_MODE_TRUE=''
MAKEINFO='${SHELL} /home/adlo/xfwm4/missing makeinfo'
MANIFEST_TOOL=':'
MATH_LIBS='-lm'
MKDIR_P='/usr/bin/mkdir -p'
MKINSTALLDIRS='./mkinstalldirs'
MSGFMT='/usr/bin/msgfmt'
MSGFMT_OPTS='-c'
MSGMERGE='/usr/bin/msgmerge'
NM='/usr/bin/nm -B'
NMEDIT=''
OBJDUMP='objdump'
OBJEXT='o'
OTOOL64=''
OTOOL=''
PACKAGE='xfwm4'
PACKAGE_BUGREPORT='xfce4-dev@xfce.org'
PACKAGE_NAME='xfwm4'
PACKAGE_STRING='xfwm4 4.13.1git.1d21be9f'
PACKAGE_TARNAME='xfwm4'
PACKAGE_URL=''
PACKAGE_VERSION='4.13.1git.1d21be9f'
PATH_SEPARATOR=':'
PIXMAN_CFLAGS='-I/usr/include/pixman-1 '
PIXMAN_LIBS='-lpixman-1 '
PIXMAN_REQUIRED_VERSION='0.34.0'
PIXMAN_VERSION='0.34.0'
PKG_CONFIG='/usr/bin/pkg-config'
PKG_CONFIG_LIBDIR=''
PKG_CONFIG_PATH=''
POFILES=' am.po ar.po ast.po be.po bg.po bn.po ca.po cs.po da.po de.po el.po en_AU.po en_CA.po en_GB.po eo.po es.po et.po eu.po fi.po fr.po gl.po he.po hr.po hu.po id.po is.po it.po ja.po kk.po ko.po lt.po lv.po ms.po nb.po nl.po nn.po oc.po pa.po pl.po pt_BR.po pt.po ro.po ru.po si.po sk.po sl.po sq.po sr.po sv.po te.po th.po tr.po ug.po uk.po ur_PK.po ur.po vi.po zh_CN.po zh_HK.po zh_TW.po'
POSUB='po'
PO_IN_DATADIR_FALSE=''
PO_IN_DATADIR_TRUE=''
PRESENT_EXTENSION_CFLAGS=''
PRESENT_EXTENSION_LIBS=''
RANDR_LIBS='-lXrandr -lXrender'
RANLIB='ranlib'
RENDER_CFLAGS=''
RENDER_LIBS='-lXrender -lX11 '
REVISION='1d21be9f'
SED='/usr/bin/sed'
SET_MAKE=''
SHELL='/bin/sh'
STRIP='strip'
USE_NLS='yes'
VERSION='4.13.1git.1d21be9f'
WAYLAND_SERVER_CFLAGS=''
WAYLAND_SERVER_LIBS='-lwayland-server '
WAYLAND_SERVER_REQUIRED_VERSION='1.0.0'
WAYLAND_SERVER_VERSION='1.15.0'
XGETTEXT='/usr/bin/xgettext'
XGETTEXT_ARGS='--keyword=Q_ --from-code=UTF-8'
XINERAMA_CFLAGS=''
XINERAMA_LIBS='-lXinerama '
XINERAMA_REQUIRED_VERSION='0'
XINERAMA_VERSION='1.1.3'
XKBCOMMON_CFLAGS=''
XKBCOMMON_LIBS='-lxkbcommon '
XKBCOMMON_REQUIRED_VERSION='0.8.0'
XKBCOMMON_VERSION='0.8.2'
XMKMF=''
XSYNC_LIBS=' -lXext'
X_CFLAGS=''
X_EXTRA_LIBS=''
X_LIBS=''
X_PRE_LIBS=''
ac_ct_AR='ar'
ac_ct_CC='gcc'
ac_ct_DUMPBIN=''
am__EXEEXT_FALSE=''
am__EXEEXT_TRUE='#'
am__fastdepCC_FALSE='#'
am__fastdepCC_TRUE=''
am__include='include'
am__isrc=''
am__leading_dot='.'
am__nodep='_no'
am__quote=''
am__tar='tar --format=ustar -chf - "$$tardir"'
am__untar='tar -xf -'
bindir='${exec_prefix}/bin'
build='x86_64-pc-linux-gnu'
build_alias=''
build_cpu='x86_64'
build_os='linux-gnu'
build_vendor='pc'
datadir='${datarootdir}'
datarootdir='${prefix}/share'
docdir='${datarootdir}/doc/${PACKAGE_TARNAME}'
dvidir='${docdir}'
exec_prefix='${prefix}'
host='x86_64-pc-linux-gnu'
host_alias=''
host_cpu='x86_64'
host_os='linux-gnu'
host_vendor='pc'
htmldir='${docdir}'
includedir='${prefix}/include'
infodir='${datarootdir}/info'
install_sh='${SHELL} /home/adlo/xfwm4/install-sh'
intltool__v_merge_options_0='-q'
intltool__v_merge_options_='$(intltool__v_merge_options_$(AM_DEFAULT_VERBOSITY))'
libdir='${exec_prefix}/lib'
libexecdir='${exec_prefix}/libexec'
localedir='${datarootdir}/locale'
localstatedir='${prefix}/var'
mandir='${datarootdir}/man'
mkdir_p='$(MKDIR_P)'
oldincludedir='/usr/include'
pdfdir='${docdir}'
prefix='/home/adlo/local'
program_transform_name='s,x,x,'
psdir='${docdir}'
sbindir='${exec_prefix}/sbin'
sharedstatedir='${prefix}/com'
sysconfdir='${prefix}/etc'
target_alias=''

## ----------- ##
## confdefs.h. ##
## ----------- ##

/* confdefs.h */
#define PACKAGE_NAME "xfwm4"
#define PACKAGE_TARNAME "xfwm4"
#define PACKAGE_VERSION "4.13.1git.1d21be9f"
#define PACKAGE_STRING "xfwm4 4.13.1git.1d21be9f"
#define PACKAGE_BUGREPORT "xfce4-dev@xfce.org"
#define PACKAGE_URL ""
#define PACKAGE "xfwm4"
#define VERSION "4.13.1git.1d21be9f"
#define STDC_HEADERS 1
#define HAVE_SYS_TYPES_H 1
#define HAVE_SYS_STAT_H 1
#define HAVE_STDLIB_H 1
#define HAVE_STRING_H 1
#define HAVE_MEMORY_H 1
#define HAVE_STRINGS_H 1
#define HAVE_INTTYPES_H 1
#define HAVE_STDINT_H 1
#define HAVE_UNISTD_H 1
#define __EXTENSIONS__ 1
#define _ALL_SOURCE 1
#define _GNU_SOURCE 1
#define _POSIX_PTHREAD_SEMANTICS 1
#define _TANDEM_SOURCE 1
#define HAVE_DLFCN_H 1
#define LT_OBJDIR ".libs/"
#define STDC_HEADERS 1
#define HAVE_DAEMON 1
#define HAVE_SETSID 1
#define HAVE_OPENDIR 1
#define GETTEXT_PACKAGE "xfwm4"
#define HAVE_LOCALE_H 1
#define HAVE_LC_MESSAGES 1
#define HAVE_BIND_TEXTDOMAIN_CODESET 1
#define HAVE_GETTEXT 1
#define HAVE_DCGETTEXT 1
#define ENABLE_NLS 1
#define HAVE_LIBX11 1
#define HAVE_XI2 1
#define XFCONF_LEGACY /**/
#define HAVE_EPOXY 1
#define HAVE_LIBSTARTUP_NOTIFICATION 1
#define HAVE_XSYNC 1
#define HAVE_RENDER 1
#define HAVE_RANDR 1
#define HAVE_COMPOSITOR 1
#define HAVE_COMPOSITOR 1
#define REVISION "1d21be9f"

configure: exit 0

## ---------------------- ##
## Running config.status. ##
## ---------------------- ##

This file was extended by xfwm4 config.status 4.13.1git.1d21be9f, which was
generated by GNU Autoconf 2.69.  Invocation command line was

  CONFIG_FILES    = 
  CONFIG_HEADERS  = 
  CONFIG_LINKS    = 
  CONFIG_COMMANDS = 
  $ ./config.status config.h

on linux1

config.status:1329: creating config.h
config.status:1510: config.h is unchanged
